<?xml version="1.0" encoding="UTF-8"?>
<!-- Generated by org.testng.reporters.JUnitXMLReporter -->
<testsuite ignored="9" hostname="Aby-WORKSTATION" failures="0" tests="1" name="Test" time="15.189" errors="0" timestamp="2026-03-17T21:51:06 IST">
  <testcase classname="testscript.LoginTest" name="verifyTheUserIsAbleToLoginUsingValidCredentials" time="3.187"/>
  <testcase classname="testscript.AdminUsersTest" name="verifyTheUserIsAbleToAccessAdminUsers" time="0.0">
    <ignored/>
  </testcase> <!-- verifyTheUserIsAbleToAccessAdminUsers -->
  <testcase classname="testscript.ManageContactTest" name="verifyTheUserIsAbleToAccessManageContactPage" time="0.0">
    <ignored/>
  </testcase> <!-- verifyTheUserIsAbleToAccessManageContactPage -->
  <testcase classname="testscript.LogOutTest" name="verifyTheUserIsAbleToLogOut" time="0.0">
    <ignored/>
  </testcase> <!-- verifyTheUserIsAbleToLogOut -->
  <testcase classname="testscript.ManageNewsTest" name="verifyTheUserIsAbleToAddNews" time="0.0">
    <ignored/>
  </testcase> <!-- verifyTheUserIsAbleToAddNews -->
  <testcase classname="testscript.LoginTest" name="verifyTheUserIsAbleToLoginUsingInvalidUsernameAndValidPassword" time="0.0">
    <ignored/>
  </testcase> <!-- verifyTheUserIsAbleToLoginUsingInvalidUsernameAndValidPassword -->
  <testcase classname="testscript.ManageCategoryTest" name="verifyTheUserIsAbleToAccessManageCategoryPage" time="0.0">
    <ignored/>
  </testcase> <!-- verifyTheUserIsAbleToAccessManageCategoryPage -->
  <testcase classname="testscript.LoginTest" name="verifyTheUserIsAbleToLoginUsingValidUsernameAndInvalidPassword" time="0.0">
    <ignored/>
  </testcase> <!-- verifyTheUserIsAbleToLoginUsingValidUsernameAndInvalidPassword -->
  <testcase classname="testscript.LoginTest" name="verifyTheUserIsAbleToLoginUsingInvalidUsernameAndInvalidPassword" time="0.0">
    <ignored/>
  </testcase> <!-- verifyTheUserIsAbleToLoginUsingInvalidUsernameAndInvalidPassword -->
  <testcase classname="testscript.ManageFooterTextTest" name="verifyTheUserIsAbleToAccessManageFooterText" time="0.0">
    <ignored/>
  </testcase> <!-- verifyTheUserIsAbleToAccessManageFooterText -->
</testsuite> <!-- Test -->
