<?xml version="1.0" encoding="UTF-8"?>
<!-- Generated by org.testng.reporters.JUnitReportReporter -->
<testsuite hostname="Aby-WORKSTATION" failures="0" tests="5" name="testscript.AdminUsersTest" time="101.850" errors="0" timestamp="2026-03-20T13:01:16 IST" skipped="3">
  <testcase classname="testscript.AdminUsersTest" name="verifyTheUserIsAbleToAccessAdminUsers" time="25.700">
    <skipped/>
  </testcase> <!-- verifyTheUserIsAbleToAccessAdminUsers -->
  <testcase classname="testscript.AdminUsersTest" name="verifyTheUserIsAbleToAccessAdminUsers" time="31.235">
    <skipped/>
  </testcase> <!-- verifyTheUserIsAbleToAccessAdminUsers -->
  <testcase classname="testscript.AdminUsersTest" name="verifyTheUserIsAbleToAccessAdminUsers" time="9.679"/>
  <testcase classname="testscript.AdminUsersTest" name="verifyTheUserIsAbleToAccessAdminUsers" time="13.126"/>
  <testcase classname="testscript.AdminUsersTest" name="verifyTheUserIsAbleToAccessAdminUsers" time="22.110">
    <skipped/>
  </testcase> <!-- verifyTheUserIsAbleToAccessAdminUsers -->
</testsuite> <!-- testscript.AdminUsersTest -->
