<?xml version="1.0" encoding="UTF-8"?>
<!-- Generated by org.testng.reporters.JUnitReportReporter -->
<testsuite hostname="Aby-WORKSTATION" failures="0" tests="2" name="testscript.ManageContactTest" time="46.643" errors="0" timestamp="2026-03-20T12:59:08 IST" skipped="0">
  <testcase classname="testscript.ManageContactTest" name="verifyTheUserIsAbleToAccessManageContactPage" time="23.291"/>
  <testcase classname="testscript.ManageContactTest" name="verifyTheUserIsAbleToAccessManageContactPage" time="23.352"/>
</testsuite> <!-- testscript.ManageContactTest -->
