<?xml version="1.0" encoding="UTF-8"?>
<!-- Generated by org.testng.reporters.JUnitReportReporter -->
<testsuite hostname="Aby-WORKSTATION" failures="0" tests="2" name="testscript.LoginTest" time="20.546" errors="0" timestamp="2026-03-25T12:20:18 IST" skipped="0">
  <testcase classname="testscript.LoginTest" name="verifyTheUserIsAbleToLoginUsingValidUsernameAndInvalidPassword" time="12.174"/>
  <testcase classname="testscript.LoginTest" name="verifyTheUserIsAbleToLoginUsingValidCredentials" time="8.372"/>
</testsuite> <!-- testscript.LoginTest -->
