<?xml version="1.0" encoding="UTF-8"?>
<!-- Generated by org.testng.reporters.JUnitReportReporter -->
<testsuite hostname="Aby-WORKSTATION" failures="0" tests="2" name="testscript.LoginTest" time="16.254" errors="0" timestamp="2026-03-19T19:00:38 IST" skipped="0">
  <testcase classname="testscript.LoginTest" name="verifyTheUserIsAbleToLoginUsingValidCredentials" time="8.271"/>
  <testcase classname="testscript.LoginTest" name="verifyTheUserIsAbleToLoginUsingValidUsernameAndInvalidPassword" time="7.983"/>
</testsuite> <!-- testscript.LoginTest -->
