<?xml version="1.0" encoding="UTF-8"?>
<!-- Generated by org.testng.reporters.JUnitReportReporter -->
<testsuite hostname="Aby-WORKSTATION" failures="0" tests="3" name="testscript.AdminUsersTest" time="82.894" errors="0" timestamp="2026-03-24T16:34:28 IST" skipped="1">
  <testcase classname="testscript.AdminUsersTest" name="verifyTheUserIsAbleToAccessAdminUsers" time="36.975">
    <skipped/>
  </testcase> <!-- verifyTheUserIsAbleToAccessAdminUsers -->
  <testcase classname="testscript.AdminUsersTest" name="verifyTheUserIsAbleToAccessAdminUsers" time="16.706"/>
  <testcase classname="testscript.AdminUsersTest" name="verifyTheUserIsAbleToAccessAdminUsers" time="29.213"/>
</testsuite> <!-- testscript.AdminUsersTest -->
