<?xml version="1.0" encoding="UTF-8"?>
<!-- Generated by org.testng.reporters.JUnitXMLReporter -->
<testsuite ignored="0" hostname="Aby-WORKSTATION" failures="0" tests="2" name="chrometest" time="35.514" errors="0" timestamp="2026-03-20T13:00:45 IST">
  <testcase classname="testscript.AdminUsersTest" name="verifyTheUserIsAbleToAccessAdminUsers" time="18.513">
    <skipped/>
  </testcase> <!-- verifyTheUserIsAbleToAccessAdminUsers -->
  <testcase classname="testscript.AdminUsersTest" name="verifyTheUserIsAbleToAccessAdminUsers" time="5.318"/>
</testsuite> <!-- chrometest -->
