<?xml version="1.0" encoding="UTF-8"?>
<!-- Generated by org.testng.reporters.JUnitXMLReporter -->
<testsuite ignored="0" hostname="Aby-WORKSTATION" failures="0" tests="2" name="firefoxtest" time="53.806" errors="0" timestamp="2026-03-24T16:34:28 IST">
  <testcase classname="testscript.AdminUsersTest" name="verifyTheUserIsAbleToAccessAdminUsers" time="11.91">
    <skipped/>
  </testcase> <!-- verifyTheUserIsAbleToAccessAdminUsers -->
  <testcase classname="testscript.AdminUsersTest" name="verifyTheUserIsAbleToAccessAdminUsers" time="4.13"/>
</testsuite> <!-- firefoxtest -->
