<?xml version="1.0" encoding="UTF-8"?>
<!-- Generated by org.testng.reporters.JUnitXMLReporter -->
<testsuite ignored="0" hostname="Aby-WORKSTATION" failures="0" tests="3" name="firefoxtest" time="66.595" errors="0" timestamp="2026-03-20T13:01:16 IST">
  <testcase classname="testscript.AdminUsersTest" name="verifyTheUserIsAbleToAccessAdminUsers" time="10.023">
    <skipped/>
  </testcase> <!-- verifyTheUserIsAbleToAccessAdminUsers -->
  <testcase classname="testscript.AdminUsersTest" name="verifyTheUserIsAbleToAccessAdminUsers" time="7.864">
    <skipped/>
  </testcase> <!-- verifyTheUserIsAbleToAccessAdminUsers -->
  <testcase classname="testscript.AdminUsersTest" name="verifyTheUserIsAbleToAccessAdminUsers" time="2.748"/>
</testsuite> <!-- firefoxtest -->
